<?xml version="1.0" encoding="UTF-8"?>
<!-- Generated by org.testng.reporters.JUnitReportReporter -->
<testsuite hostname="abdulrehmansmbp.wifi.int.ryerson.ca" failures="0" tests="1" name="main.q2" time="0.052" errors="0" timestamp="2023-03-06T13:28:15 EST" skipped="0">
  <testcase classname="main.q2" name="verifyHomepageTitle" time="0.052"/>
  <system-out/>
</testsuite> <!-- main.q2 -->
