<?xml version="1.0" encoding="UTF-8"?>
<!-- Generated by org.testng.reporters.JUnitReportReporter -->
<testsuite hostname="Abdulrehmans-MacBook-Pro.local" failures="0" tests="1" name="q2.q2" time="0.022" errors="0" timestamp="2023-03-07T15:38:49 EST" skipped="0">
  <testcase classname="q2.q2" name="verifyHomepageTitle" time="0.022"/>
  <system-out/>
</testsuite> <!-- q2.q2 -->
