<?xml version="1.0" encoding="UTF-8"?>
<!-- Generated by org.testng.reporters.JUnitReportReporter -->
<testsuite hostname="Abdulrehmans-MacBook-Pro.local" failures="0" tests="1" name="main.firsttestngfile" time="0.023" errors="0" timestamp="2023-03-05T13:30:49 EST" skipped="0">
  <testcase classname="main.firsttestngfile" name="verifyHomepageTitle" time="0.023"/>
  <system-out/>
</testsuite> <!-- main.firsttestngfile -->
